{"C:\\Users\\Hp\\Desktop\\BackendPortifolio\\app.js": {"path":"C:\\Users\\Hp\\Desktop\\BackendPortifolio\\app.js","statementMap":{"0":{"start":{"line":1,"column":15},"end":{"line":1,"column":33}},"1":{"start":{"line":3,"column":11},"end":{"line":3,"column":20}},"2":{"start":{"line":5,"column":18},"end":{"line":5,"column":40}},"3":{"start":{"line":7,"column":0},"end":{"line":7,"column":25}},"4":{"start":{"line":8,"column":17},"end":{"line":8,"column":46}},"5":{"start":{"line":9,"column":20},"end":{"line":9,"column":46}},"6":{"start":{"line":10,"column":14},"end":{"line":10,"column":31}},"7":{"start":{"line":11,"column":13},"end":{"line":11,"column":28}},"8":{"start":{"line":14,"column":0},"end":{"line":14,"column":23}},"9":{"start":{"line":15,"column":0},"end":{"line":15,"column":15}},"10":{"start":{"line":16,"column":0},"end":{"line":16,"column":67}},"11":{"start":{"line":19,"column":0},"end":{"line":19,"column":27}},"12":{"start":{"line":26,"column":18},"end":{"line":26,"column":42}},"13":{"start":{"line":28,"column":0},"end":{"line":28,"column":29}},"14":{"start":{"line":30,"column":19},"end":{"line":30,"column":43}},"15":{"start":{"line":32,"column":0},"end":{"line":32,"column":31}},"16":{"start":{"line":36,"column":22},"end":{"line":36,"column":49}},"17":{"start":{"line":38,"column":0},"end":{"line":38,"column":37}},"18":{"start":{"line":56,"column":0},"end":{"line":59,"column":3}},"19":{"start":{"line":57,"column":4},"end":{"line":57,"column":39}},"20":{"start":{"line":58,"column":4},"end":{"line":58,"column":23}},"21":{"start":{"line":62,"column":0},"end":{"line":62,"column":25}},"22":{"start":{"line":63,"column":16},"end":{"line":63,"column":35}},"23":{"start":{"line":65,"column":0},"end":{"line":67,"column":2}},"24":{"start":{"line":66,"column":4},"end":{"line":66,"column":36}},"25":{"start":{"line":76,"column":0},"end":{"line":76,"column":19}}},"fnMap":{"0":{"name":"(anonymous_0)","decl":{"start":{"line":56,"column":13},"end":{"line":56,"column":14}},"loc":{"start":{"line":56,"column":25},"end":{"line":59,"column":1}},"line":56},"1":{"name":"(anonymous_1)","decl":{"start":{"line":65,"column":49},"end":{"line":65,"column":50}},"loc":{"start":{"line":65,"column":53},"end":{"line":67,"column":1}},"line":65}},"branchMap":{},"s":{"0":2,"1":2,"2":2,"3":2,"4":2,"5":2,"6":2,"7":2,"8":2,"9":2,"10":2,"11":2,"12":2,"13":2,"14":2,"15":2,"16":2,"17":2,"18":2,"19":0,"20":0,"21":2,"22":2,"23":2,"24":2,"25":2},"f":{"0":0,"1":2},"b":{},"_coverageSchema":"1a1c01bbd47fc00a2c39e90264f33305004495a9","hash":"bd12fd15a73d67228ef2d52ebd0f802676d4a39c"}
,"C:\\Users\\Hp\\Desktop\\BackendPortifolio\\controller\\auth.js": {"path":"C:\\Users\\Hp\\Desktop\\BackendPortifolio\\controller\\auth.js","statementMap":{"0":{"start":{"line":1,"column":13},"end":{"line":1,"column":38}},"1":{"start":{"line":2,"column":15},"end":{"line":2,"column":34}},"2":{"start":{"line":3,"column":12},"end":{"line":3,"column":35}},"3":{"start":{"line":5,"column":17},"end":{"line":37,"column":1}},"4":{"start":{"line":6,"column":2},"end":{"line":6,"column":57}},"5":{"start":{"line":7,"column":2},"end":{"line":7,"column":38}},"6":{"start":{"line":8,"column":2},"end":{"line":13,"column":3}},"7":{"start":{"line":9,"column":4},"end":{"line":12,"column":7}},"8":{"start":{"line":15,"column":21},"end":{"line":15,"column":59}},"9":{"start":{"line":18,"column":13},"end":{"line":22,"column":4}},"10":{"start":{"line":24,"column":2},"end":{"line":36,"column":7}},"11":{"start":{"line":27,"column":6},"end":{"line":30,"column":9}},"12":{"start":{"line":33,"column":6},"end":{"line":35,"column":9}},"13":{"start":{"line":39,"column":14},"end":{"line":70,"column":1}},"14":{"start":{"line":40,"column":17},"end":{"line":40,"column":34}},"15":{"start":{"line":41,"column":17},"end":{"line":41,"column":34}},"16":{"start":{"line":43,"column":2},"end":{"line":69,"column":5}},"17":{"start":{"line":44,"column":4},"end":{"line":68,"column":5}},"18":{"start":{"line":45,"column":6},"end":{"line":63,"column":9}},"19":{"start":{"line":46,"column":8},"end":{"line":50,"column":9}},"20":{"start":{"line":47,"column":10},"end":{"line":49,"column":13}},"21":{"start":{"line":51,"column":8},"end":{"line":62,"column":9}},"22":{"start":{"line":52,"column":22},"end":{"line":52,"column":64}},"23":{"start":{"line":54,"column":10},"end":{"line":57,"column":13}},"24":{"start":{"line":59,"column":10},"end":{"line":61,"column":13}},"25":{"start":{"line":65,"column":6},"end":{"line":67,"column":9}},"26":{"start":{"line":82,"column":0},"end":{"line":85,"column":2}}},"fnMap":{"0":{"name":"(anonymous_0)","decl":{"start":{"line":5,"column":17},"end":{"line":5,"column":18}},"loc":{"start":{"line":5,"column":36},"end":{"line":37,"column":1}},"line":5},"1":{"name":"(anonymous_1)","decl":{"start":{"line":26,"column":10},"end":{"line":26,"column":11}},"loc":{"start":{"line":26,"column":20},"end":{"line":31,"column":5}},"line":26},"2":{"name":"(anonymous_2)","decl":{"start":{"line":32,"column":11},"end":{"line":32,"column":12}},"loc":{"start":{"line":32,"column":22},"end":{"line":36,"column":5}},"line":32},"3":{"name":"(anonymous_3)","decl":{"start":{"line":39,"column":14},"end":{"line":39,"column":15}},"loc":{"start":{"line":39,"column":34},"end":{"line":70,"column":1}},"line":39},"4":{"name":"(anonymous_4)","decl":{"start":{"line":43,"column":52},"end":{"line":43,"column":53}},"loc":{"start":{"line":43,"column":62},"end":{"line":69,"column":3}},"line":43},"5":{"name":"(anonymous_5)","decl":{"start":{"line":45,"column":46},"end":{"line":45,"column":47}},"loc":{"start":{"line":45,"column":69},"end":{"line":63,"column":7}},"line":45}},"branchMap":{"0":{"loc":{"start":{"line":8,"column":2},"end":{"line":13,"column":3}},"type":"if","locations":[{"start":{"line":8,"column":2},"end":{"line":13,"column":3}},{"start":{},"end":{}}],"line":8},"1":{"loc":{"start":{"line":44,"column":4},"end":{"line":68,"column":5}},"type":"if","locations":[{"start":{"line":44,"column":4},"end":{"line":68,"column":5}},{"start":{"line":64,"column":11},"end":{"line":68,"column":5}}],"line":44},"2":{"loc":{"start":{"line":46,"column":8},"end":{"line":50,"column":9}},"type":"if","locations":[{"start":{"line":46,"column":8},"end":{"line":50,"column":9}},{"start":{},"end":{}}],"line":46},"3":{"loc":{"start":{"line":51,"column":8},"end":{"line":62,"column":9}},"type":"if","locations":[{"start":{"line":51,"column":8},"end":{"line":62,"column":9}},{"start":{"line":58,"column":15},"end":{"line":62,"column":9}}],"line":51}},"s":{"0":2,"1":2,"2":2,"3":2,"4":2,"5":2,"6":2,"7":2,"8":0,"9":0,"10":0,"11":0,"12":0,"13":2,"14":1,"15":1,"16":1,"17":1,"18":1,"19":1,"20":0,"21":1,"22":1,"23":1,"24":0,"25":0,"26":2},"f":{"0":2,"1":0,"2":0,"3":1,"4":1,"5":1},"b":{"0":[2,0],"1":[1,0],"2":[0,1],"3":[1,0]},"_coverageSchema":"1a1c01bbd47fc00a2c39e90264f33305004495a9","hash":"25fb2d1916be7947699bbe1713e7ac70ddfaecbb"}
,"C:\\Users\\Hp\\Desktop\\BackendPortifolio\\controller\\message.js": {"path":"C:\\Users\\Hp\\Desktop\\BackendPortifolio\\controller\\message.js","statementMap":{"0":{"start":{"line":1,"column":15},"end":{"line":1,"column":43}},"1":{"start":{"line":2,"column":26},"end":{"line":2,"column":54}},"2":{"start":{"line":4,"column":1},"end":{"line":11,"column":2}},"3":{"start":{"line":5,"column":4},"end":{"line":10,"column":5}},"4":{"start":{"line":6,"column":21},"end":{"line":6,"column":41}},"5":{"start":{"line":7,"column":5},"end":{"line":7,"column":35}},"6":{"start":{"line":9,"column":5},"end":{"line":9,"column":42}},"7":{"start":{"line":16,"column":1},"end":{"line":39,"column":1}},"8":{"start":{"line":17,"column":19},"end":{"line":21,"column":6}},"9":{"start":{"line":23,"column":16},"end":{"line":23,"column":37}},"10":{"start":{"line":24,"column":4},"end":{"line":36,"column":5}},"11":{"start":{"line":25,"column":6},"end":{"line":25,"column":41}},"12":{"start":{"line":28,"column":6},"end":{"line":35,"column":6}},"13":{"start":{"line":29,"column":30},"end":{"line":29,"column":50}},"14":{"start":{"line":30,"column":6},"end":{"line":30,"column":40}},"15":{"start":{"line":33,"column":9},"end":{"line":33,"column":46}},"16":{"start":{"line":41,"column":0},"end":{"line":48,"column":2}},"17":{"start":{"line":42,"column":4},"end":{"line":47,"column":5}},"18":{"start":{"line":43,"column":20},"end":{"line":43,"column":64}},"19":{"start":{"line":44,"column":5},"end":{"line":44,"column":35}},"20":{"start":{"line":46,"column":5},"end":{"line":46,"column":42}},"21":{"start":{"line":50,"column":1},"end":{"line":58,"column":2}},"22":{"start":{"line":51,"column":4},"end":{"line":57,"column":5}},"23":{"start":{"line":52,"column":27},"end":{"line":52,"column":76}},"24":{"start":{"line":54,"column":5},"end":{"line":54,"column":42}},"25":{"start":{"line":56,"column":5},"end":{"line":56,"column":42}},"26":{"start":{"line":60,"column":1},"end":{"line":74,"column":2}},"27":{"start":{"line":61,"column":4},"end":{"line":73,"column":5}},"28":{"start":{"line":62,"column":27},"end":{"line":68,"column":9}},"29":{"start":{"line":70,"column":8},"end":{"line":70,"column":45}},"30":{"start":{"line":72,"column":5},"end":{"line":72,"column":42}}},"fnMap":{"0":{"name":"(anonymous_0)","decl":{"start":{"line":4,"column":21},"end":{"line":4,"column":22}},"loc":{"start":{"line":4,"column":38},"end":{"line":11,"column":2}},"line":4},"1":{"name":"(anonymous_1)","decl":{"start":{"line":16,"column":22},"end":{"line":16,"column":23}},"loc":{"start":{"line":16,"column":39},"end":{"line":39,"column":1}},"line":16},"2":{"name":"(anonymous_2)","decl":{"start":{"line":41,"column":22},"end":{"line":41,"column":23}},"loc":{"start":{"line":41,"column":39},"end":{"line":48,"column":2}},"line":41},"3":{"name":"(anonymous_3)","decl":{"start":{"line":50,"column":26},"end":{"line":50,"column":27}},"loc":{"start":{"line":50,"column":43},"end":{"line":58,"column":2}},"line":50},"4":{"name":"(anonymous_4)","decl":{"start":{"line":60,"column":27},"end":{"line":60,"column":28}},"loc":{"start":{"line":60,"column":44},"end":{"line":74,"column":2}},"line":60}},"branchMap":{"0":{"loc":{"start":{"line":24,"column":4},"end":{"line":36,"column":5}},"type":"if","locations":[{"start":{"line":24,"column":4},"end":{"line":36,"column":5}},{"start":{"line":27,"column":8},"end":{"line":36,"column":5}}],"line":24}},"s":{"0":2,"1":2,"2":2,"3":1,"4":1,"5":1,"6":0,"7":2,"8":1,"9":1,"10":1,"11":0,"12":1,"13":1,"14":1,"15":0,"16":2,"17":1,"18":1,"19":1,"20":0,"21":2,"22":1,"23":1,"24":1,"25":0,"26":2,"27":1,"28":1,"29":1,"30":0},"f":{"0":1,"1":1,"2":1,"3":1,"4":1},"b":{"0":[0,1]},"_coverageSchema":"1a1c01bbd47fc00a2c39e90264f33305004495a9","hash":"c8f32b7a6613529e80c9564a64d900c8fff588eb"}
,"C:\\Users\\Hp\\Desktop\\BackendPortifolio\\controller\\post.js": {"path":"C:\\Users\\Hp\\Desktop\\BackendPortifolio\\controller\\post.js","statementMap":{"0":{"start":{"line":1,"column":13},"end":{"line":1,"column":38}},"1":{"start":{"line":2,"column":11},"end":{"line":2,"column":24}},"2":{"start":{"line":6,"column":0},"end":{"line":13,"column":2}},"3":{"start":{"line":7,"column":2},"end":{"line":12,"column":3}},"4":{"start":{"line":8,"column":18},"end":{"line":8,"column":35}},"5":{"start":{"line":9,"column":4},"end":{"line":9,"column":20}},"6":{"start":{"line":11,"column":4},"end":{"line":11,"column":53}},"7":{"start":{"line":15,"column":19},"end":{"line":15,"column":43}},"8":{"start":{"line":18,"column":0},"end":{"line":22,"column":3}},"9":{"start":{"line":25,"column":12},"end":{"line":29,"column":2}},"10":{"start":{"line":32,"column":0},"end":{"line":51,"column":2}},"11":{"start":{"line":33,"column":19},"end":{"line":36,"column":3}},"12":{"start":{"line":38,"column":2},"end":{"line":50,"column":7}},"13":{"start":{"line":40,"column":19},"end":{"line":44,"column":8}},"14":{"start":{"line":45,"column":24},"end":{"line":45,"column":41}},"15":{"start":{"line":46,"column":6},"end":{"line":46,"column":38}},"16":{"start":{"line":49,"column":6},"end":{"line":49,"column":53}},"17":{"start":{"line":53,"column":0},"end":{"line":61,"column":2}},"18":{"start":{"line":54,"column":2},"end":{"line":60,"column":3}},"19":{"start":{"line":55,"column":17},"end":{"line":55,"column":55}},"20":{"start":{"line":56,"column":4},"end":{"line":56,"column":31}},"21":{"start":{"line":59,"column":4},"end":{"line":59,"column":53}},"22":{"start":{"line":63,"column":0},"end":{"line":71,"column":2}},"23":{"start":{"line":64,"column":2},"end":{"line":70,"column":3}},"24":{"start":{"line":65,"column":24},"end":{"line":65,"column":69}},"25":{"start":{"line":67,"column":4},"end":{"line":67,"column":38}},"26":{"start":{"line":69,"column":4},"end":{"line":69,"column":78}},"27":{"start":{"line":73,"column":0},"end":{"line":86,"column":2}},"28":{"start":{"line":74,"column":2},"end":{"line":85,"column":3}},"29":{"start":{"line":75,"column":24},"end":{"line":80,"column":5}},"30":{"start":{"line":82,"column":4},"end":{"line":82,"column":26}},"31":{"start":{"line":84,"column":4},"end":{"line":84,"column":66}}},"fnMap":{"0":{"name":"(anonymous_0)","decl":{"start":{"line":6,"column":18},"end":{"line":6,"column":19}},"loc":{"start":{"line":6,"column":38},"end":{"line":13,"column":1}},"line":6},"1":{"name":"(anonymous_1)","decl":{"start":{"line":32,"column":18},"end":{"line":32,"column":19}},"loc":{"start":{"line":32,"column":38},"end":{"line":51,"column":1}},"line":32},"2":{"name":"(anonymous_2)","decl":{"start":{"line":39,"column":10},"end":{"line":39,"column":11}},"loc":{"start":{"line":39,"column":25},"end":{"line":47,"column":5}},"line":39},"3":{"name":"(anonymous_3)","decl":{"start":{"line":48,"column":11},"end":{"line":48,"column":12}},"loc":{"start":{"line":48,"column":20},"end":{"line":50,"column":5}},"line":48},"4":{"name":"(anonymous_4)","decl":{"start":{"line":53,"column":17},"end":{"line":53,"column":18}},"loc":{"start":{"line":53,"column":37},"end":{"line":61,"column":1}},"line":53},"5":{"name":"(anonymous_5)","decl":{"start":{"line":63,"column":24},"end":{"line":63,"column":25}},"loc":{"start":{"line":63,"column":44},"end":{"line":71,"column":1}},"line":63},"6":{"name":"(anonymous_6)","decl":{"start":{"line":73,"column":24},"end":{"line":73,"column":25}},"loc":{"start":{"line":73,"column":44},"end":{"line":86,"column":1}},"line":73}},"branchMap":{},"s":{"0":2,"1":2,"2":2,"3":0,"4":0,"5":0,"6":0,"7":2,"8":2,"9":2,"10":2,"11":0,"12":0,"13":0,"14":0,"15":0,"16":0,"17":2,"18":0,"19":0,"20":0,"21":0,"22":2,"23":0,"24":0,"25":0,"26":0,"27":2,"28":0,"29":0,"30":0,"31":0},"f":{"0":0,"1":0,"2":0,"3":0,"4":0,"5":0,"6":0},"b":{},"_coverageSchema":"1a1c01bbd47fc00a2c39e90264f33305004495a9","hash":"5d692560aa4e680c07ab19041251e0f2fc4716a9"}
,"C:\\Users\\Hp\\Desktop\\BackendPortifolio\\documentation\\index.js": {"path":"C:\\Users\\Hp\\Desktop\\BackendPortifolio\\documentation\\index.js","statementMap":{"0":{"start":{"line":1,"column":19},"end":{"line":1,"column":43}},"1":{"start":{"line":4,"column":16},"end":{"line":30,"column":1}},"2":{"start":{"line":31,"column":19},"end":{"line":31,"column":40}},"3":{"start":{"line":32,"column":1},"end":{"line":32,"column":28}}},"fnMap":{},"branchMap":{},"s":{"0":2,"1":2,"2":2,"3":2},"f":{},"b":{},"_coverageSchema":"1a1c01bbd47fc00a2c39e90264f33305004495a9","hash":"c1bdfbbe2e003510b857545e38a98b36027757a7"}
,"C:\\Users\\Hp\\Desktop\\BackendPortifolio\\middlewares\\authenticate.js": {"path":"C:\\Users\\Hp\\Desktop\\BackendPortifolio\\middlewares\\authenticate.js","statementMap":{"0":{"start":{"line":1,"column":12},"end":{"line":1,"column":35}},"1":{"start":{"line":3,"column":19},"end":{"line":16,"column":1}},"2":{"start":{"line":4,"column":4},"end":{"line":15,"column":5}},"3":{"start":{"line":5,"column":21},"end":{"line":5,"column":60}},"4":{"start":{"line":6,"column":23},"end":{"line":6,"column":53}},"5":{"start":{"line":7,"column":8},"end":{"line":7,"column":23}},"6":{"start":{"line":8,"column":8},"end":{"line":8,"column":14}},"7":{"start":{"line":12,"column":8},"end":{"line":14,"column":10}},"8":{"start":{"line":18,"column":0},"end":{"line":18,"column":28}}},"fnMap":{"0":{"name":"(anonymous_0)","decl":{"start":{"line":3,"column":19},"end":{"line":3,"column":20}},"loc":{"start":{"line":3,"column":35},"end":{"line":16,"column":1}},"line":3}},"branchMap":{},"s":{"0":2,"1":2,"2":0,"3":0,"4":0,"5":0,"6":0,"7":0,"8":2},"f":{"0":0},"b":{},"_coverageSchema":"1a1c01bbd47fc00a2c39e90264f33305004495a9","hash":"f266c4defef96f4ebae45f6d561ffbd638341881"}
,"C:\\Users\\Hp\\Desktop\\BackendPortifolio\\models\\auth.js": {"path":"C:\\Users\\Hp\\Desktop\\BackendPortifolio\\models\\auth.js","statementMap":{"0":{"start":{"line":1,"column":17},"end":{"line":1,"column":36}},"1":{"start":{"line":3,"column":18},"end":{"line":17,"column":20}},"2":{"start":{"line":19,"column":0},"end":{"line":19,"column":50}}},"fnMap":{},"branchMap":{},"s":{"0":2,"1":2,"2":2},"f":{},"b":{},"_coverageSchema":"1a1c01bbd47fc00a2c39e90264f33305004495a9","hash":"ad9b9facdaf4840735ec62d3246e869348ee4a9d"}
,"C:\\Users\\Hp\\Desktop\\BackendPortifolio\\models\\message.js": {"path":"C:\\Users\\Hp\\Desktop\\BackendPortifolio\\models\\message.js","statementMap":{"0":{"start":{"line":1,"column":17},"end":{"line":1,"column":36}},"1":{"start":{"line":3,"column":21},"end":{"line":20,"column":2}},"2":{"start":{"line":22,"column":0},"end":{"line":22,"column":56}}},"fnMap":{},"branchMap":{},"s":{"0":2,"1":2,"2":2},"f":{},"b":{},"_coverageSchema":"1a1c01bbd47fc00a2c39e90264f33305004495a9","hash":"afe5c1b19f7d39757789418145a4b91ec846b2ff"}
,"C:\\Users\\Hp\\Desktop\\BackendPortifolio\\models\\post.js": {"path":"C:\\Users\\Hp\\Desktop\\BackendPortifolio\\models\\post.js","statementMap":{"0":{"start":{"line":2,"column":17},"end":{"line":2,"column":36}},"1":{"start":{"line":6,"column":18},"end":{"line":25,"column":2}},"2":{"start":{"line":27,"column":0},"end":{"line":27,"column":50}}},"fnMap":{},"branchMap":{},"s":{"0":2,"1":2,"2":2},"f":{},"b":{},"_coverageSchema":"1a1c01bbd47fc00a2c39e90264f33305004495a9","hash":"d6ba95998600ed688157979046d5888dc30f3158"}
,"C:\\Users\\Hp\\Desktop\\BackendPortifolio\\routes\\auth.js": {"path":"C:\\Users\\Hp\\Desktop\\BackendPortifolio\\routes\\auth.js","statementMap":{"0":{"start":{"line":1,"column":17},"end":{"line":1,"column":35}},"1":{"start":{"line":2,"column":15},"end":{"line":2,"column":31}},"2":{"start":{"line":4,"column":23},"end":{"line":4,"column":56}},"3":{"start":{"line":6,"column":0},"end":{"line":6,"column":41}},"4":{"start":{"line":7,"column":0},"end":{"line":7,"column":43}},"5":{"start":{"line":9,"column":0},"end":{"line":9,"column":23}}},"fnMap":{},"branchMap":{},"s":{"0":2,"1":2,"2":2,"3":2,"4":2,"5":2},"f":{},"b":{},"_coverageSchema":"1a1c01bbd47fc00a2c39e90264f33305004495a9","hash":"f636d020c0d47d38323d130d6c13345af7a89333"}
,"C:\\Users\\Hp\\Desktop\\BackendPortifolio\\routes\\message.js": {"path":"C:\\Users\\Hp\\Desktop\\BackendPortifolio\\routes\\message.js","statementMap":{"0":{"start":{"line":1,"column":15},"end":{"line":1,"column":33}},"1":{"start":{"line":2,"column":14},"end":{"line":2,"column":30}},"2":{"start":{"line":3,"column":15},"end":{"line":3,"column":43}},"3":{"start":{"line":4,"column":25},"end":{"line":4,"column":57}},"4":{"start":{"line":5,"column":14},"end":{"line":5,"column":42}},"5":{"start":{"line":9,"column":0},"end":{"line":9,"column":46}},"6":{"start":{"line":12,"column":0},"end":{"line":12,"column":243}},"7":{"start":{"line":15,"column":0},"end":{"line":15,"column":60}},"8":{"start":{"line":18,"column":1},"end":{"line":18,"column":74}},"9":{"start":{"line":21,"column":1},"end":{"line":21,"column":72}},"10":{"start":{"line":24,"column":0},"end":{"line":24,"column":24}}},"fnMap":{},"branchMap":{},"s":{"0":2,"1":2,"2":2,"3":2,"4":2,"5":2,"6":2,"7":2,"8":2,"9":2,"10":2},"f":{},"b":{},"_coverageSchema":"1a1c01bbd47fc00a2c39e90264f33305004495a9","hash":"130ab2bcf163bae36aad856698e50a070263976a"}
,"C:\\Users\\Hp\\Desktop\\BackendPortifolio\\routes\\post.js": {"path":"C:\\Users\\Hp\\Desktop\\BackendPortifolio\\routes\\post.js","statementMap":{"0":{"start":{"line":1,"column":15},"end":{"line":1,"column":33}},"1":{"start":{"line":2,"column":14},"end":{"line":2,"column":30}},"2":{"start":{"line":3,"column":12},"end":{"line":3,"column":37}},"3":{"start":{"line":4,"column":22},"end":{"line":4,"column":51}},"4":{"start":{"line":5,"column":21},"end":{"line":5,"column":59}},"5":{"start":{"line":13,"column":0},"end":{"line":13,"column":45}},"6":{"start":{"line":16,"column":0},"end":{"line":16,"column":51}},"7":{"start":{"line":19,"column":0},"end":{"line":19,"column":47}},"8":{"start":{"line":22,"column":1},"end":{"line":22,"column":65}},"9":{"start":{"line":25,"column":1},"end":{"line":25,"column":63}},"10":{"start":{"line":28,"column":0},"end":{"line":28,"column":24}}},"fnMap":{},"branchMap":{},"s":{"0":2,"1":2,"2":2,"3":2,"4":2,"5":2,"6":2,"7":2,"8":2,"9":2,"10":2},"f":{},"b":{},"_coverageSchema":"1a1c01bbd47fc00a2c39e90264f33305004495a9","hash":"0a945c298298b467cdd4fea10ee55b56ea772bd8"}
}
