{"C:\\Users\\Hp\\Desktop\\BackendPortifolio\\app.js": {"path":"C:\\Users\\Hp\\Desktop\\BackendPortifolio\\app.js","statementMap":{"0":{"start":{"line":1,"column":15},"end":{"line":1,"column":33}},"1":{"start":{"line":3,"column":11},"end":{"line":3,"column":20}},"2":{"start":{"line":5,"column":18},"end":{"line":5,"column":40}},"3":{"start":{"line":7,"column":0},"end":{"line":7,"column":25}},"4":{"start":{"line":8,"column":17},"end":{"line":8,"column":46}},"5":{"start":{"line":9,"column":20},"end":{"line":9,"column":46}},"6":{"start":{"line":10,"column":14},"end":{"line":10,"column":31}},"7":{"start":{"line":11,"column":13},"end":{"line":11,"column":28}},"8":{"start":{"line":14,"column":0},"end":{"line":14,"column":23}},"9":{"start":{"line":15,"column":0},"end":{"line":15,"column":15}},"10":{"start":{"line":16,"column":0},"end":{"line":16,"column":67}},"11":{"start":{"line":19,"column":0},"end":{"line":19,"column":27}},"12":{"start":{"line":27,"column":18},"end":{"line":27,"column":42}},"13":{"start":{"line":29,"column":0},"end":{"line":29,"column":29}},"14":{"start":{"line":31,"column":19},"end":{"line":31,"column":43}},"15":{"start":{"line":33,"column":0},"end":{"line":33,"column":31}},"16":{"start":{"line":37,"column":22},"end":{"line":37,"column":49}},"17":{"start":{"line":39,"column":0},"end":{"line":39,"column":37}},"18":{"start":{"line":57,"column":0},"end":{"line":60,"column":3}},"19":{"start":{"line":58,"column":4},"end":{"line":58,"column":39}},"20":{"start":{"line":59,"column":4},"end":{"line":59,"column":23}},"21":{"start":{"line":63,"column":0},"end":{"line":63,"column":25}},"22":{"start":{"line":64,"column":16},"end":{"line":64,"column":35}},"23":{"start":{"line":66,"column":0},"end":{"line":66,"column":33}},"24":{"start":{"line":67,"column":0},"end":{"line":69,"column":2}},"25":{"start":{"line":68,"column":4},"end":{"line":68,"column":36}},"26":{"start":{"line":78,"column":0},"end":{"line":78,"column":19}}},"fnMap":{"0":{"name":"(anonymous_0)","decl":{"start":{"line":57,"column":13},"end":{"line":57,"column":14}},"loc":{"start":{"line":57,"column":25},"end":{"line":60,"column":1}},"line":57},"1":{"name":"(anonymous_1)","decl":{"start":{"line":67,"column":49},"end":{"line":67,"column":50}},"loc":{"start":{"line":67,"column":53},"end":{"line":69,"column":1}},"line":67}},"branchMap":{},"s":{"0":3,"1":3,"2":3,"3":3,"4":3,"5":3,"6":3,"7":3,"8":3,"9":3,"10":3,"11":3,"12":3,"13":3,"14":3,"15":3,"16":3,"17":3,"18":3,"19":0,"20":0,"21":3,"22":3,"23":3,"24":3,"25":0,"26":3},"f":{"0":0,"1":0},"b":{},"_coverageSchema":"1a1c01bbd47fc00a2c39e90264f33305004495a9","hash":"b153baa7996b20202f995ae4981ab13d66709dee"}
,"C:\\Users\\Hp\\Desktop\\BackendPortifolio\\controller\\auth.js": {"path":"C:\\Users\\Hp\\Desktop\\BackendPortifolio\\controller\\auth.js","statementMap":{"0":{"start":{"line":1,"column":13},"end":{"line":1,"column":38}},"1":{"start":{"line":2,"column":15},"end":{"line":2,"column":34}},"2":{"start":{"line":3,"column":12},"end":{"line":3,"column":35}},"3":{"start":{"line":5,"column":17},"end":{"line":37,"column":1}},"4":{"start":{"line":6,"column":2},"end":{"line":6,"column":57}},"5":{"start":{"line":7,"column":2},"end":{"line":7,"column":38}},"6":{"start":{"line":8,"column":2},"end":{"line":13,"column":3}},"7":{"start":{"line":9,"column":4},"end":{"line":12,"column":7}},"8":{"start":{"line":15,"column":21},"end":{"line":15,"column":58}},"9":{"start":{"line":18,"column":13},"end":{"line":22,"column":4}},"10":{"start":{"line":24,"column":2},"end":{"line":36,"column":7}},"11":{"start":{"line":27,"column":6},"end":{"line":30,"column":9}},"12":{"start":{"line":33,"column":6},"end":{"line":35,"column":9}},"13":{"start":{"line":39,"column":14},"end":{"line":70,"column":1}},"14":{"start":{"line":40,"column":17},"end":{"line":40,"column":34}},"15":{"start":{"line":41,"column":17},"end":{"line":41,"column":34}},"16":{"start":{"line":43,"column":2},"end":{"line":69,"column":5}},"17":{"start":{"line":44,"column":4},"end":{"line":68,"column":5}},"18":{"start":{"line":45,"column":6},"end":{"line":63,"column":9}},"19":{"start":{"line":46,"column":8},"end":{"line":50,"column":9}},"20":{"start":{"line":47,"column":10},"end":{"line":49,"column":13}},"21":{"start":{"line":51,"column":8},"end":{"line":62,"column":9}},"22":{"start":{"line":52,"column":22},"end":{"line":52,"column":64}},"23":{"start":{"line":54,"column":10},"end":{"line":57,"column":13}},"24":{"start":{"line":59,"column":10},"end":{"line":61,"column":13}},"25":{"start":{"line":65,"column":6},"end":{"line":67,"column":9}},"26":{"start":{"line":82,"column":0},"end":{"line":85,"column":2}}},"fnMap":{"0":{"name":"(anonymous_0)","decl":{"start":{"line":5,"column":17},"end":{"line":5,"column":18}},"loc":{"start":{"line":5,"column":36},"end":{"line":37,"column":1}},"line":5},"1":{"name":"(anonymous_1)","decl":{"start":{"line":26,"column":10},"end":{"line":26,"column":11}},"loc":{"start":{"line":26,"column":20},"end":{"line":31,"column":5}},"line":26},"2":{"name":"(anonymous_2)","decl":{"start":{"line":32,"column":11},"end":{"line":32,"column":12}},"loc":{"start":{"line":32,"column":22},"end":{"line":36,"column":5}},"line":32},"3":{"name":"(anonymous_3)","decl":{"start":{"line":39,"column":14},"end":{"line":39,"column":15}},"loc":{"start":{"line":39,"column":34},"end":{"line":70,"column":1}},"line":39},"4":{"name":"(anonymous_4)","decl":{"start":{"line":43,"column":52},"end":{"line":43,"column":53}},"loc":{"start":{"line":43,"column":62},"end":{"line":69,"column":3}},"line":43},"5":{"name":"(anonymous_5)","decl":{"start":{"line":45,"column":46},"end":{"line":45,"column":47}},"loc":{"start":{"line":45,"column":69},"end":{"line":63,"column":7}},"line":45}},"branchMap":{"0":{"loc":{"start":{"line":8,"column":2},"end":{"line":13,"column":3}},"type":"if","locations":[{"start":{"line":8,"column":2},"end":{"line":13,"column":3}},{"start":{},"end":{}}],"line":8},"1":{"loc":{"start":{"line":44,"column":4},"end":{"line":68,"column":5}},"type":"if","locations":[{"start":{"line":44,"column":4},"end":{"line":68,"column":5}},{"start":{"line":64,"column":11},"end":{"line":68,"column":5}}],"line":44},"2":{"loc":{"start":{"line":46,"column":8},"end":{"line":50,"column":9}},"type":"if","locations":[{"start":{"line":46,"column":8},"end":{"line":50,"column":9}},{"start":{},"end":{}}],"line":46},"3":{"loc":{"start":{"line":51,"column":8},"end":{"line":62,"column":9}},"type":"if","locations":[{"start":{"line":51,"column":8},"end":{"line":62,"column":9}},{"start":{"line":58,"column":15},"end":{"line":62,"column":9}}],"line":51}},"s":{"0":3,"1":3,"2":3,"3":3,"4":0,"5":0,"6":0,"7":0,"8":0,"9":0,"10":0,"11":0,"12":0,"13":3,"14":0,"15":0,"16":0,"17":0,"18":0,"19":0,"20":0,"21":0,"22":0,"23":0,"24":0,"25":0,"26":3},"f":{"0":0,"1":0,"2":0,"3":0,"4":0,"5":0},"b":{"0":[0,0],"1":[0,0],"2":[0,0],"3":[0,0]},"_coverageSchema":"1a1c01bbd47fc00a2c39e90264f33305004495a9","hash":"c2cb6cf0c47c555d5b52bd3160022e7013a8b0b3"}
,"C:\\Users\\Hp\\Desktop\\BackendPortifolio\\controller\\message.js": {"path":"C:\\Users\\Hp\\Desktop\\BackendPortifolio\\controller\\message.js","statementMap":{"0":{"start":{"line":1,"column":15},"end":{"line":1,"column":43}},"1":{"start":{"line":2,"column":26},"end":{"line":2,"column":54}},"2":{"start":{"line":4,"column":1},"end":{"line":11,"column":2}},"3":{"start":{"line":5,"column":4},"end":{"line":10,"column":5}},"4":{"start":{"line":6,"column":21},"end":{"line":6,"column":41}},"5":{"start":{"line":7,"column":5},"end":{"line":7,"column":35}},"6":{"start":{"line":9,"column":5},"end":{"line":9,"column":42}},"7":{"start":{"line":16,"column":1},"end":{"line":42,"column":1}},"8":{"start":{"line":17,"column":19},"end":{"line":21,"column":6}},"9":{"start":{"line":23,"column":16},"end":{"line":23,"column":37}},"10":{"start":{"line":24,"column":4},"end":{"line":39,"column":5}},"11":{"start":{"line":25,"column":6},"end":{"line":25,"column":41}},"12":{"start":{"line":28,"column":6},"end":{"line":38,"column":6}},"13":{"start":{"line":29,"column":30},"end":{"line":29,"column":50}},"14":{"start":{"line":30,"column":6},"end":{"line":33,"column":8}},"15":{"start":{"line":36,"column":9},"end":{"line":36,"column":46}},"16":{"start":{"line":44,"column":0},"end":{"line":51,"column":2}},"17":{"start":{"line":45,"column":4},"end":{"line":50,"column":5}},"18":{"start":{"line":46,"column":20},"end":{"line":46,"column":64}},"19":{"start":{"line":47,"column":5},"end":{"line":47,"column":35}},"20":{"start":{"line":49,"column":5},"end":{"line":49,"column":42}},"21":{"start":{"line":53,"column":1},"end":{"line":61,"column":2}},"22":{"start":{"line":54,"column":4},"end":{"line":60,"column":5}},"23":{"start":{"line":55,"column":27},"end":{"line":55,"column":76}},"24":{"start":{"line":57,"column":5},"end":{"line":57,"column":42}},"25":{"start":{"line":59,"column":5},"end":{"line":59,"column":42}},"26":{"start":{"line":63,"column":1},"end":{"line":77,"column":2}},"27":{"start":{"line":64,"column":4},"end":{"line":76,"column":5}},"28":{"start":{"line":65,"column":27},"end":{"line":71,"column":9}},"29":{"start":{"line":73,"column":8},"end":{"line":73,"column":45}},"30":{"start":{"line":75,"column":5},"end":{"line":75,"column":42}}},"fnMap":{"0":{"name":"(anonymous_0)","decl":{"start":{"line":4,"column":21},"end":{"line":4,"column":22}},"loc":{"start":{"line":4,"column":38},"end":{"line":11,"column":2}},"line":4},"1":{"name":"(anonymous_1)","decl":{"start":{"line":16,"column":22},"end":{"line":16,"column":23}},"loc":{"start":{"line":16,"column":39},"end":{"line":42,"column":1}},"line":16},"2":{"name":"(anonymous_2)","decl":{"start":{"line":44,"column":22},"end":{"line":44,"column":23}},"loc":{"start":{"line":44,"column":39},"end":{"line":51,"column":2}},"line":44},"3":{"name":"(anonymous_3)","decl":{"start":{"line":53,"column":26},"end":{"line":53,"column":27}},"loc":{"start":{"line":53,"column":43},"end":{"line":61,"column":2}},"line":53},"4":{"name":"(anonymous_4)","decl":{"start":{"line":63,"column":27},"end":{"line":63,"column":28}},"loc":{"start":{"line":63,"column":44},"end":{"line":77,"column":2}},"line":63}},"branchMap":{"0":{"loc":{"start":{"line":24,"column":4},"end":{"line":39,"column":5}},"type":"if","locations":[{"start":{"line":24,"column":4},"end":{"line":39,"column":5}},{"start":{"line":27,"column":8},"end":{"line":39,"column":5}}],"line":24}},"s":{"0":3,"1":3,"2":3,"3":0,"4":0,"5":0,"6":0,"7":3,"8":0,"9":0,"10":0,"11":0,"12":0,"13":0,"14":0,"15":0,"16":3,"17":0,"18":0,"19":0,"20":0,"21":3,"22":0,"23":0,"24":0,"25":0,"26":3,"27":0,"28":0,"29":0,"30":0},"f":{"0":0,"1":0,"2":0,"3":0,"4":0},"b":{"0":[0,0]},"_coverageSchema":"1a1c01bbd47fc00a2c39e90264f33305004495a9","hash":"8e079216b35f8f18ff73da50cfad2a78a5534e04"}
,"C:\\Users\\Hp\\Desktop\\BackendPortifolio\\controller\\post.js": {"path":"C:\\Users\\Hp\\Desktop\\BackendPortifolio\\controller\\post.js","statementMap":{"0":{"start":{"line":1,"column":13},"end":{"line":1,"column":38}},"1":{"start":{"line":2,"column":11},"end":{"line":2,"column":24}},"2":{"start":{"line":3,"column":18},"end":{"line":3,"column":36}},"3":{"start":{"line":7,"column":0},"end":{"line":14,"column":2}},"4":{"start":{"line":8,"column":2},"end":{"line":13,"column":3}},"5":{"start":{"line":9,"column":18},"end":{"line":9,"column":35}},"6":{"start":{"line":10,"column":4},"end":{"line":10,"column":20}},"7":{"start":{"line":12,"column":4},"end":{"line":12,"column":53}},"8":{"start":{"line":16,"column":19},"end":{"line":16,"column":43}},"9":{"start":{"line":19,"column":0},"end":{"line":23,"column":3}},"10":{"start":{"line":26,"column":12},"end":{"line":30,"column":2}},"11":{"start":{"line":33,"column":0},"end":{"line":52,"column":2}},"12":{"start":{"line":34,"column":19},"end":{"line":37,"column":3}},"13":{"start":{"line":39,"column":2},"end":{"line":51,"column":7}},"14":{"start":{"line":41,"column":19},"end":{"line":45,"column":8}},"15":{"start":{"line":46,"column":24},"end":{"line":46,"column":41}},"16":{"start":{"line":47,"column":6},"end":{"line":47,"column":38}},"17":{"start":{"line":50,"column":6},"end":{"line":50,"column":53}},"18":{"start":{"line":54,"column":0},"end":{"line":62,"column":2}},"19":{"start":{"line":55,"column":2},"end":{"line":61,"column":3}},"20":{"start":{"line":56,"column":17},"end":{"line":56,"column":55}},"21":{"start":{"line":57,"column":4},"end":{"line":57,"column":31}},"22":{"start":{"line":60,"column":4},"end":{"line":60,"column":53}},"23":{"start":{"line":64,"column":0},"end":{"line":72,"column":2}},"24":{"start":{"line":65,"column":2},"end":{"line":71,"column":3}},"25":{"start":{"line":66,"column":24},"end":{"line":66,"column":69}},"26":{"start":{"line":68,"column":4},"end":{"line":68,"column":38}},"27":{"start":{"line":70,"column":4},"end":{"line":70,"column":78}},"28":{"start":{"line":74,"column":0},"end":{"line":99,"column":2}},"29":{"start":{"line":75,"column":2},"end":{"line":98,"column":3}},"30":{"start":{"line":76,"column":13},"end":{"line":76,"column":30}},"31":{"start":{"line":77,"column":24},"end":{"line":83,"column":5}},"32":{"start":{"line":84,"column":4},"end":{"line":94,"column":5}},"33":{"start":{"line":85,"column":6},"end":{"line":88,"column":8}},"34":{"start":{"line":90,"column":6},"end":{"line":93,"column":8}},"35":{"start":{"line":96,"column":4},"end":{"line":96,"column":61}}},"fnMap":{"0":{"name":"(anonymous_0)","decl":{"start":{"line":7,"column":18},"end":{"line":7,"column":19}},"loc":{"start":{"line":7,"column":38},"end":{"line":14,"column":1}},"line":7},"1":{"name":"(anonymous_1)","decl":{"start":{"line":33,"column":18},"end":{"line":33,"column":19}},"loc":{"start":{"line":33,"column":38},"end":{"line":52,"column":1}},"line":33},"2":{"name":"(anonymous_2)","decl":{"start":{"line":40,"column":10},"end":{"line":40,"column":11}},"loc":{"start":{"line":40,"column":25},"end":{"line":48,"column":5}},"line":40},"3":{"name":"(anonymous_3)","decl":{"start":{"line":49,"column":11},"end":{"line":49,"column":12}},"loc":{"start":{"line":49,"column":20},"end":{"line":51,"column":5}},"line":49},"4":{"name":"(anonymous_4)","decl":{"start":{"line":54,"column":17},"end":{"line":54,"column":18}},"loc":{"start":{"line":54,"column":37},"end":{"line":62,"column":1}},"line":54},"5":{"name":"(anonymous_5)","decl":{"start":{"line":64,"column":24},"end":{"line":64,"column":25}},"loc":{"start":{"line":64,"column":44},"end":{"line":72,"column":1}},"line":64},"6":{"name":"(anonymous_6)","decl":{"start":{"line":74,"column":24},"end":{"line":74,"column":25}},"loc":{"start":{"line":74,"column":44},"end":{"line":99,"column":1}},"line":74}},"branchMap":{"0":{"loc":{"start":{"line":84,"column":4},"end":{"line":94,"column":5}},"type":"if","locations":[{"start":{"line":84,"column":4},"end":{"line":94,"column":5}},{"start":{"line":89,"column":11},"end":{"line":94,"column":5}}],"line":84}},"s":{"0":3,"1":3,"2":3,"3":3,"4":0,"5":0,"6":0,"7":0,"8":3,"9":3,"10":3,"11":3,"12":0,"13":0,"14":0,"15":0,"16":0,"17":0,"18":3,"19":0,"20":0,"21":0,"22":0,"23":3,"24":0,"25":0,"26":0,"27":0,"28":3,"29":0,"30":0,"31":0,"32":0,"33":0,"34":0,"35":0},"f":{"0":0,"1":0,"2":0,"3":0,"4":0,"5":0,"6":0},"b":{"0":[0,0]},"_coverageSchema":"1a1c01bbd47fc00a2c39e90264f33305004495a9","hash":"89b1b59ef9df30a308d7f2d606fda9f73523fe11"}
,"C:\\Users\\Hp\\Desktop\\BackendPortifolio\\documentation\\index.js": {"path":"C:\\Users\\Hp\\Desktop\\BackendPortifolio\\documentation\\index.js","statementMap":{"0":{"start":{"line":1,"column":19},"end":{"line":1,"column":43}},"1":{"start":{"line":4,"column":16},"end":{"line":30,"column":1}},"2":{"start":{"line":31,"column":19},"end":{"line":31,"column":40}},"3":{"start":{"line":32,"column":1},"end":{"line":32,"column":28}}},"fnMap":{},"branchMap":{},"s":{"0":3,"1":3,"2":3,"3":3},"f":{},"b":{},"_coverageSchema":"1a1c01bbd47fc00a2c39e90264f33305004495a9","hash":"c1bdfbbe2e003510b857545e38a98b36027757a7"}
,"C:\\Users\\Hp\\Desktop\\BackendPortifolio\\middlewares\\authenticate.js": {"path":"C:\\Users\\Hp\\Desktop\\BackendPortifolio\\middlewares\\authenticate.js","statementMap":{"0":{"start":{"line":1,"column":12},"end":{"line":1,"column":35}},"1":{"start":{"line":3,"column":19},"end":{"line":16,"column":1}},"2":{"start":{"line":4,"column":4},"end":{"line":15,"column":5}},"3":{"start":{"line":5,"column":21},"end":{"line":5,"column":60}},"4":{"start":{"line":6,"column":23},"end":{"line":6,"column":53}},"5":{"start":{"line":7,"column":8},"end":{"line":7,"column":23}},"6":{"start":{"line":8,"column":8},"end":{"line":8,"column":14}},"7":{"start":{"line":12,"column":8},"end":{"line":14,"column":10}},"8":{"start":{"line":18,"column":0},"end":{"line":18,"column":28}}},"fnMap":{"0":{"name":"(anonymous_0)","decl":{"start":{"line":3,"column":19},"end":{"line":3,"column":20}},"loc":{"start":{"line":3,"column":35},"end":{"line":16,"column":1}},"line":3}},"branchMap":{},"s":{"0":3,"1":3,"2":0,"3":0,"4":0,"5":0,"6":0,"7":0,"8":3},"f":{"0":0},"b":{},"_coverageSchema":"1a1c01bbd47fc00a2c39e90264f33305004495a9","hash":"f266c4defef96f4ebae45f6d561ffbd638341881"}
,"C:\\Users\\Hp\\Desktop\\BackendPortifolio\\models\\auth.js": {"path":"C:\\Users\\Hp\\Desktop\\BackendPortifolio\\models\\auth.js","statementMap":{"0":{"start":{"line":1,"column":17},"end":{"line":1,"column":36}},"1":{"start":{"line":3,"column":18},"end":{"line":17,"column":20}},"2":{"start":{"line":19,"column":0},"end":{"line":19,"column":50}}},"fnMap":{},"branchMap":{},"s":{"0":3,"1":3,"2":3},"f":{},"b":{},"_coverageSchema":"1a1c01bbd47fc00a2c39e90264f33305004495a9","hash":"ad9b9facdaf4840735ec62d3246e869348ee4a9d"}
,"C:\\Users\\Hp\\Desktop\\BackendPortifolio\\models\\message.js": {"path":"C:\\Users\\Hp\\Desktop\\BackendPortifolio\\models\\message.js","statementMap":{"0":{"start":{"line":1,"column":17},"end":{"line":1,"column":36}},"1":{"start":{"line":3,"column":21},"end":{"line":20,"column":2}},"2":{"start":{"line":22,"column":0},"end":{"line":22,"column":56}}},"fnMap":{},"branchMap":{},"s":{"0":3,"1":3,"2":3},"f":{},"b":{},"_coverageSchema":"1a1c01bbd47fc00a2c39e90264f33305004495a9","hash":"afe5c1b19f7d39757789418145a4b91ec846b2ff"}
,"C:\\Users\\Hp\\Desktop\\BackendPortifolio\\models\\post.js": {"path":"C:\\Users\\Hp\\Desktop\\BackendPortifolio\\models\\post.js","statementMap":{"0":{"start":{"line":2,"column":17},"end":{"line":2,"column":36}},"1":{"start":{"line":6,"column":18},"end":{"line":25,"column":2}},"2":{"start":{"line":27,"column":0},"end":{"line":27,"column":50}}},"fnMap":{},"branchMap":{},"s":{"0":3,"1":3,"2":3},"f":{},"b":{},"_coverageSchema":"1a1c01bbd47fc00a2c39e90264f33305004495a9","hash":"d6ba95998600ed688157979046d5888dc30f3158"}
,"C:\\Users\\Hp\\Desktop\\BackendPortifolio\\routes\\auth.js": {"path":"C:\\Users\\Hp\\Desktop\\BackendPortifolio\\routes\\auth.js","statementMap":{"0":{"start":{"line":1,"column":17},"end":{"line":1,"column":35}},"1":{"start":{"line":2,"column":15},"end":{"line":2,"column":31}},"2":{"start":{"line":4,"column":23},"end":{"line":4,"column":56}},"3":{"start":{"line":6,"column":0},"end":{"line":6,"column":41}},"4":{"start":{"line":7,"column":0},"end":{"line":7,"column":43}},"5":{"start":{"line":9,"column":0},"end":{"line":9,"column":23}}},"fnMap":{},"branchMap":{},"s":{"0":3,"1":3,"2":3,"3":3,"4":3,"5":3},"f":{},"b":{},"_coverageSchema":"1a1c01bbd47fc00a2c39e90264f33305004495a9","hash":"f636d020c0d47d38323d130d6c13345af7a89333"}
,"C:\\Users\\Hp\\Desktop\\BackendPortifolio\\routes\\message.js": {"path":"C:\\Users\\Hp\\Desktop\\BackendPortifolio\\routes\\message.js","statementMap":{"0":{"start":{"line":1,"column":15},"end":{"line":1,"column":33}},"1":{"start":{"line":2,"column":14},"end":{"line":2,"column":30}},"2":{"start":{"line":3,"column":15},"end":{"line":3,"column":43}},"3":{"start":{"line":4,"column":25},"end":{"line":4,"column":57}},"4":{"start":{"line":5,"column":14},"end":{"line":5,"column":42}},"5":{"start":{"line":9,"column":0},"end":{"line":9,"column":46}},"6":{"start":{"line":12,"column":0},"end":{"line":12,"column":243}},"7":{"start":{"line":15,"column":0},"end":{"line":15,"column":60}},"8":{"start":{"line":18,"column":1},"end":{"line":18,"column":74}},"9":{"start":{"line":21,"column":1},"end":{"line":21,"column":72}},"10":{"start":{"line":24,"column":0},"end":{"line":24,"column":24}}},"fnMap":{},"branchMap":{},"s":{"0":3,"1":3,"2":3,"3":3,"4":3,"5":3,"6":3,"7":3,"8":3,"9":3,"10":3},"f":{},"b":{},"_coverageSchema":"1a1c01bbd47fc00a2c39e90264f33305004495a9","hash":"130ab2bcf163bae36aad856698e50a070263976a"}
,"C:\\Users\\Hp\\Desktop\\BackendPortifolio\\routes\\post.js": {"path":"C:\\Users\\Hp\\Desktop\\BackendPortifolio\\routes\\post.js","statementMap":{"0":{"start":{"line":1,"column":15},"end":{"line":1,"column":33}},"1":{"start":{"line":2,"column":14},"end":{"line":2,"column":30}},"2":{"start":{"line":3,"column":12},"end":{"line":3,"column":37}},"3":{"start":{"line":4,"column":22},"end":{"line":4,"column":51}},"4":{"start":{"line":5,"column":21},"end":{"line":5,"column":59}},"5":{"start":{"line":13,"column":0},"end":{"line":13,"column":45}},"6":{"start":{"line":16,"column":0},"end":{"line":16,"column":51}},"7":{"start":{"line":19,"column":0},"end":{"line":19,"column":47}},"8":{"start":{"line":22,"column":1},"end":{"line":22,"column":65}},"9":{"start":{"line":25,"column":1},"end":{"line":25,"column":63}},"10":{"start":{"line":28,"column":0},"end":{"line":28,"column":24}}},"fnMap":{},"branchMap":{},"s":{"0":3,"1":3,"2":3,"3":3,"4":3,"5":3,"6":3,"7":3,"8":3,"9":3,"10":3},"f":{},"b":{},"_coverageSchema":"1a1c01bbd47fc00a2c39e90264f33305004495a9","hash":"0a945c298298b467cdd4fea10ee55b56ea772bd8"}
}
