TN:
SF:app.js
FN:54,(anonymous_0)
FN:63,(anonymous_1)
FNF:2
FNH:1
FNDA:0,(anonymous_0)
FNDA:3,(anonymous_1)
DA:1,3
DA:3,3
DA:5,3
DA:7,3
DA:8,3
DA:9,3
DA:14,3
DA:17,3
DA:24,3
DA:26,3
DA:28,3
DA:30,3
DA:34,3
DA:36,3
DA:54,3
DA:55,0
DA:56,0
DA:60,3
DA:61,3
DA:63,3
DA:64,3
DA:74,3
LF:22
LH:20
BRF:0
BRH:0
end_of_record
TN:
SF:controller\auth.js
FN:5,(anonymous_0)
FN:7,(anonymous_1)
FN:20,(anonymous_2)
FN:26,(anonymous_3)
FN:34,(anonymous_4)
FN:39,(anonymous_5)
FN:41,(anonymous_6)
FN:75,(anonymous_7)
FNF:8
FNH:3
FNDA:0,(anonymous_0)
FNDA:0,(anonymous_1)
FNDA:0,(anonymous_2)
FNDA:0,(anonymous_3)
FNDA:1,(anonymous_4)
FNDA:1,(anonymous_5)
FNDA:1,(anonymous_6)
FNDA:0,(anonymous_7)
DA:1,3
DA:2,3
DA:3,3
DA:5,3
DA:7,0
DA:8,0
DA:9,0
DA:13,0
DA:19,0
DA:21,0
DA:27,0
DA:34,3
DA:35,1
DA:36,1
DA:38,1
DA:40,1
DA:41,1
DA:42,1
DA:43,0
DA:47,1
DA:48,1
DA:50,1
DA:57,0
DA:64,0
DA:75,3
DA:76,0
DA:77,0
DA:78,0
DA:82,0
DA:85,3
LF:30
LH:16
BRDA:8,0,0,0
BRDA:8,0,1,0
BRDA:40,1,0,1
BRDA:40,1,1,0
BRDA:42,2,0,0
BRDA:42,2,1,1
BRDA:47,3,0,1
BRDA:47,3,1,0
BRDA:77,4,0,0
BRDA:77,4,1,0
BRF:10
BRH:3
end_of_record
TN:
SF:controller\message.js
FN:4,(anonymous_0)
FN:16,(anonymous_1)
FN:41,(anonymous_2)
FN:50,(anonymous_3)
FN:60,(anonymous_4)
FNF:5
FNH:4
FNDA:1,(anonymous_0)
FNDA:1,(anonymous_1)
FNDA:1,(anonymous_2)
FNDA:0,(anonymous_3)
FNDA:1,(anonymous_4)
DA:1,3
DA:2,3
DA:4,3
DA:5,1
DA:6,1
DA:7,1
DA:9,0
DA:16,3
DA:17,1
DA:23,1
DA:24,1
DA:25,0
DA:28,1
DA:29,1
DA:30,1
DA:33,0
DA:41,3
DA:42,1
DA:43,1
DA:44,0
DA:46,1
DA:50,3
DA:51,0
DA:52,0
DA:54,0
DA:56,0
DA:60,3
DA:61,1
DA:62,1
DA:70,0
DA:72,1
LF:31
LH:22
BRDA:24,0,0,0
BRDA:24,0,1,1
BRF:2
BRH:1
end_of_record
TN:
SF:controller\post.js
FN:6,(anonymous_0)
FN:32,(anonymous_1)
FN:39,(anonymous_2)
FN:48,(anonymous_3)
FN:53,(anonymous_4)
FN:63,(anonymous_5)
FN:73,(anonymous_6)
FNF:7
FNH:6
FNDA:2,(anonymous_0)
FNDA:2,(anonymous_1)
FNDA:2,(anonymous_2)
FNDA:1,(anonymous_3)
FNDA:1,(anonymous_4)
FNDA:0,(anonymous_5)
FNDA:1,(anonymous_6)
DA:1,3
DA:2,3
DA:6,3
DA:7,2
DA:8,2
DA:9,2
DA:11,0
DA:15,3
DA:18,3
DA:25,3
DA:32,3
DA:33,2
DA:38,2
DA:40,2
DA:45,2
DA:46,1
DA:49,1
DA:53,3
DA:54,1
DA:55,1
DA:56,0
DA:59,1
DA:63,3
DA:64,0
DA:65,0
DA:67,0
DA:69,0
DA:73,3
DA:74,1
DA:75,1
DA:82,0
DA:84,1
LF:32
LH:25
BRF:0
BRH:0
end_of_record
TN:
SF:documentation\index.js
FNF:0
FNH:0
DA:1,3
DA:4,3
DA:31,3
DA:32,3
LF:4
LH:4
BRF:0
BRH:0
end_of_record
TN:
SF:middlewares\authenticate.js
FN:3,(anonymous_0)
FNF:1
FNH:0
FNDA:0,(anonymous_0)
DA:1,3
DA:3,3
DA:4,0
DA:5,0
DA:6,0
DA:7,0
DA:8,0
DA:12,0
DA:18,3
LF:9
LH:3
BRF:0
BRH:0
end_of_record
TN:
SF:models\auth.js
FNF:0
FNH:0
DA:1,3
DA:3,3
DA:19,3
LF:3
LH:3
BRF:0
BRH:0
end_of_record
TN:
SF:models\message.js
FNF:0
FNH:0
DA:1,3
DA:3,3
DA:22,3
LF:3
LH:3
BRF:0
BRH:0
end_of_record
TN:
SF:models\post.js
FNF:0
FNH:0
DA:2,3
DA:6,3
DA:27,3
LF:3
LH:3
BRF:0
BRH:0
end_of_record
TN:
SF:routes\auth.js
FN:6,(anonymous_0)
FNF:1
FNH:1
FNDA:1,(anonymous_0)
DA:1,3
DA:2,3
DA:4,3
DA:6,3
DA:8,1
DA:11,3
DA:13,3
LF:7
LH:7
BRF:0
BRH:0
end_of_record
TN:
SF:routes\message.js
FNF:0
FNH:0
DA:1,3
DA:2,3
DA:3,3
DA:4,3
DA:5,3
DA:9,3
DA:12,3
DA:15,3
DA:18,3
DA:21,3
DA:24,3
LF:11
LH:11
BRF:0
BRH:0
end_of_record
TN:
SF:routes\post.js
FNF:0
FNH:0
DA:1,3
DA:2,3
DA:3,3
DA:4,3
DA:5,3
DA:13,3
DA:16,3
DA:19,3
DA:22,3
DA:25,3
DA:28,3
LF:11
LH:11
BRF:0
BRH:0
end_of_record
